Build started 2013-02-06 11:54:42.
     1>Project "C:\Users\Rasmus\Desktop\Alienation\Alienation.vcxproj" on node 2 (build target(s)).
     1>InitializeBuildStatus:
         Creating "Release\Alienation.unsuccessfulbuild" because "AlwaysCreate" was specified.
       ClCompile:
         c:\Program Files (x86)\Microsoft Visual Studio 10.0\VC\bin\CL.exe /c /Zi /nologo /W3 /WX- /O2 /Oi /Oy- /GL /D SFML_DYNAMIC /D _MBCS /Gm- /EHsc /MD /GS /Gy /fp:precise /Zc:wchar_t /Zc:forScope /Fo"Release\\" /Fd"Release\vc100.pdb" /Gd /TP /analyze- /errorReport:prompt Imagebank.cpp
         Imagebank.cpp
       Link:
         c:\Program Files (x86)\Microsoft Visual Studio 10.0\VC\bin\link.exe /ERRORREPORT:PROMPT /OUT:"C:\Users\Rasmus\Desktop\Alienation\Release\Alienation.exe" /NOLOGO "sfml-system-d.lib" "sfml-main-d.lib" "sfml-graphics-d.lib" "sfml-audio-d.lib" "sfml-window-d.lib" kernel32.lib user32.lib gdi32.lib winspool.lib comdlg32.lib advapi32.lib shell32.lib ole32.lib oleaut32.lib uuid.lib odbc32.lib odbccp32.lib /MANIFEST /ManifestFile:"Release\Alienation.exe.intermediate.manifest" /MANIFESTUAC:"level='asInvoker' uiAccess='false'" /DEBUG /PDB:"C:\Users\Rasmus\Desktop\Alienation\Release\Alienation.pdb" /OPT:REF /OPT:ICF /LTCG /TLBID:1 /DYNAMICBASE /NXCOMPAT /IMPLIB:"C:\Users\Rasmus\Desktop\Alienation\Release\Alienation.lib" /MACHINE:X86 Release\Game.obj
         Release\Imagebank.obj
         Release\main.obj
         Generating code
         Finished generating code
         Alienation.vcxproj -> C:\Users\Rasmus\Desktop\Alienation\Release\Alienation.exe
       Manifest:
         C:\Program Files (x86)\Microsoft SDKs\Windows\v7.0A\bin\mt.exe /nologo /verbose /outputresource:"C:\Users\Rasmus\Desktop\Alienation\Release\Alienation.exe;#1" /manifest Release\Alienation.exe.intermediate.manifest
       FinalizeBuildStatus:
         Deleting file "Release\Alienation.unsuccessfulbuild".
         Touching "Release\Alienation.lastbuildstate".
     1>Done Building Project "C:\Users\Rasmus\Desktop\Alienation\Alienation.vcxproj" (build target(s)).

Build succeeded.

Time Elapsed 00:00:01.27
